Filename: /workspace/Sparsene-AD-repo/dataset/selected_mtx/ddi.mtx
N: 512
tile_n: 16
FLOAT: Sparse A[4267,4267] x B[4267,512] = C[4267,512]
1776925806
total_TCBlock_num = 82680, nnz = 2140089, nnz_pad=2430496
total_tcblock_num = 82680
slb_tb_offset(1293) push a new value 1555: current thread block from 1553 to 1555
slb_tb_offset size = 1293
slb_block_dim_size = 1292
row_block_offset size = 1555
row_block_to_row_window_id size = 1554
mykernel_time: 1.629911 ms
SM[0] accumulated_cycles=61929470101
SM[1] accumulated_cycles=61914295179
SM[2] accumulated_cycles=61893337529
SM[3] accumulated_cycles=61865080424
SM[4] accumulated_cycles=61500453679
SM[5] accumulated_cycles=61487082899
SM[6] accumulated_cycles=61808376610
SM[7] accumulated_cycles=61817879585
SM[8] accumulated_cycles=61902454226
SM[9] accumulated_cycles=61868039943
SM[10] accumulated_cycles=61887603569
SM[11] accumulated_cycles=61937735790
SM[12] accumulated_cycles=61680697367
SM[13] accumulated_cycles=61741051385
SM[14] accumulated_cycles=61862295070
SM[15] accumulated_cycles=61898897618
SM[16] accumulated_cycles=61842751638
SM[17] accumulated_cycles=61931910251
SM[18] accumulated_cycles=61492894059
SM[19] accumulated_cycles=61492828632
SM[20] accumulated_cycles=61849531695
SM[21] accumulated_cycles=61855727809
SM[22] accumulated_cycles=61930060191
SM[23] accumulated_cycles=61950174325
SM[24] accumulated_cycles=61933946103
SM[25] accumulated_cycles=61919369426
SM[26] accumulated_cycles=61746477393
SM[27] accumulated_cycles=61714767216
SM[28] accumulated_cycles=61860546948
SM[29] accumulated_cycles=61889779695
SM[30] accumulated_cycles=61870912472
SM[31] accumulated_cycles=61876383699
SM[32] accumulated_cycles=61536317091
SM[33] accumulated_cycles=61532124378
SM[34] accumulated_cycles=61893235136
SM[35] accumulated_cycles=61867461136
SM[36] accumulated_cycles=61924407354
SM[37] accumulated_cycles=61936993257
SM[38] accumulated_cycles=61968682695
SM[39] accumulated_cycles=61961150529
SM[40] accumulated_cycles=61744820794
SM[41] accumulated_cycles=61724203610
SM[42] accumulated_cycles=61886338797
SM[43] accumulated_cycles=61855253957
SM[44] accumulated_cycles=61894916408
SM[45] accumulated_cycles=61891042203
SM[46] accumulated_cycles=61513990809
SM[47] accumulated_cycles=61516854548
SM[48] accumulated_cycles=61863179853
SM[49] accumulated_cycles=61828742463
SM[50] accumulated_cycles=61947586241
SM[51] accumulated_cycles=61915972797
SM[52] accumulated_cycles=61906000204
SM[53] accumulated_cycles=61917207802
SM[54] accumulated_cycles=61682532093
SM[55] accumulated_cycles=61675240159
SM[56] accumulated_cycles=61874901084
SM[57] accumulated_cycles=61858620816
SM[58] accumulated_cycles=61888874735
SM[59] accumulated_cycles=61857634569
SM[60] accumulated_cycles=61575676445
SM[61] accumulated_cycles=61473967566
SM[62] accumulated_cycles=61907934135
SM[63] accumulated_cycles=61845536785
SM[64] accumulated_cycles=61915149289
SM[65] accumulated_cycles=61901987028
SM[66] accumulated_cycles=61940897613
SM[67] accumulated_cycles=61861575352
SM[68] accumulated_cycles=61768979459
SM[69] accumulated_cycles=61642049040
SM[70] accumulated_cycles=61902948015
SM[71] accumulated_cycles=61806361171
SM[72] accumulated_cycles=61923944895
SM[73] accumulated_cycles=61814515980
SM[74] accumulated_cycles=61570879348
SM[75] accumulated_cycles=61446112698
SM[76] accumulated_cycles=61854315140
SM[77] accumulated_cycles=61789789392
SM[78] accumulated_cycles=61955371683
SM[79] accumulated_cycles=61896526682
SM[80] accumulated_cycles=61967086378
SM[81] accumulated_cycles=61922784718
SM[82] accumulated_cycles=61641601496
SM[83] accumulated_cycles=61710148427
SM[84] accumulated_cycles=61851895950
SM[85] accumulated_cycles=61900517116
SM[86] accumulated_cycles=61831049189
SM[87] accumulated_cycles=61897082301
SM[88] accumulated_cycles=61374839006
SM[89] accumulated_cycles=61451948799
SM[90] accumulated_cycles=61777032541
SM[91] accumulated_cycles=61826120373
SM[92] accumulated_cycles=61881300488
SM[93] accumulated_cycles=61886603947
SM[94] accumulated_cycles=61896586946
SM[95] accumulated_cycles=61848221966
SM[96] accumulated_cycles=61762103877
SM[97] accumulated_cycles=61661622024
SM[98] accumulated_cycles=61903641545
SM[99] accumulated_cycles=61815676488
SM[100] accumulated_cycles=61867448434
SM[101] accumulated_cycles=61797866513
SM[102] accumulated_cycles=61482938526
SM[103] accumulated_cycles=61425187169
SM[104] accumulated_cycles=61841378323
SM[105] accumulated_cycles=61795157078
SM[106] accumulated_cycles=61953346684
SM[107] accumulated_cycles=61836720462
SM cycle stats: active=108 avg=61802032615.96 max/min=1.0097
check nan: cusp 4087.0 mykernel 4087.0
