Filename: /workspace/Sparsene-AD-repo/dataset/selected_mtx/ddi.mtx
N: 512
FLOAT: Sparse A[4267,4267] x B[4267,512] = C[4267,512]
1776925804
total_TCBlock_num = 82680, nnz = 2140089, nnz_pad=2430496
mykernel_time: 0.763352 ms
SM[0] accumulated_cycles=15310440033
SM[1] accumulated_cycles=16621917643
SM[2] accumulated_cycles=14115506287
SM[3] accumulated_cycles=15017035757
SM[4] accumulated_cycles=14977134025
SM[5] accumulated_cycles=15308096938
SM[6] accumulated_cycles=16941194436
SM[7] accumulated_cycles=17178564732
SM[8] accumulated_cycles=17240563045
SM[9] accumulated_cycles=17549955010
SM[10] accumulated_cycles=15701443656
SM[11] accumulated_cycles=15766146679
SM[12] accumulated_cycles=15785495802
SM[13] accumulated_cycles=15755338671
SM[14] accumulated_cycles=17048491458
SM[15] accumulated_cycles=17499421676
SM[16] accumulated_cycles=15818430073
SM[17] accumulated_cycles=16225252206
SM[18] accumulated_cycles=15670774331
SM[19] accumulated_cycles=16619604868
SM[20] accumulated_cycles=16984178986
SM[21] accumulated_cycles=17905088681
SM[22] accumulated_cycles=16841285058
SM[23] accumulated_cycles=17270651914
SM[24] accumulated_cycles=16509637541
SM[25] accumulated_cycles=16497491030
SM[26] accumulated_cycles=15652065077
SM[27] accumulated_cycles=15963087569
SM[28] accumulated_cycles=17188182402
SM[29] accumulated_cycles=16585643676
SM[30] accumulated_cycles=15668773475
SM[31] accumulated_cycles=14777643485
SM[32] accumulated_cycles=15649348912
SM[33] accumulated_cycles=14372681221
SM[34] accumulated_cycles=15516997433
SM[35] accumulated_cycles=15775050284
SM[36] accumulated_cycles=16397895449
SM[37] accumulated_cycles=16292701755
SM[38] accumulated_cycles=17002557348
SM[39] accumulated_cycles=16037936397
SM[40] accumulated_cycles=15437599321
SM[41] accumulated_cycles=15665960823
SM[42] accumulated_cycles=15139178382
SM[43] accumulated_cycles=15550661419
SM[44] accumulated_cycles=14115911242
SM[45] accumulated_cycles=13993256574
SM[46] accumulated_cycles=14687042627
SM[47] accumulated_cycles=14245491113
SM[48] accumulated_cycles=15813374544
SM[49] accumulated_cycles=16281321540
SM[50] accumulated_cycles=16082030478
SM[51] accumulated_cycles=16432005548
SM[52] accumulated_cycles=16477054817
SM[53] accumulated_cycles=15989118668
SM[54] accumulated_cycles=15063419505
SM[55] accumulated_cycles=15346873153
SM[56] accumulated_cycles=16281497359
SM[57] accumulated_cycles=16016070201
SM[58] accumulated_cycles=15977162458
SM[59] accumulated_cycles=13541360020
SM[60] accumulated_cycles=15888013819
SM[61] accumulated_cycles=13990418242
SM[62] accumulated_cycles=17738294206
SM[63] accumulated_cycles=16000033541
SM[64] accumulated_cycles=17166491321
SM[65] accumulated_cycles=15295736260
SM[66] accumulated_cycles=15372090550
SM[67] accumulated_cycles=14033464737
SM[68] accumulated_cycles=15501622386
SM[69] accumulated_cycles=14507566563
SM[70] accumulated_cycles=17527339951
SM[71] accumulated_cycles=15995848739
SM[72] accumulated_cycles=15843889689
SM[73] accumulated_cycles=14197143231
SM[74] accumulated_cycles=15796616316
SM[75] accumulated_cycles=13227785627
SM[76] accumulated_cycles=17484277481
SM[77] accumulated_cycles=14445013911
SM[78] accumulated_cycles=17603464225
SM[79] accumulated_cycles=14872358195
SM[80] accumulated_cycles=16864074835
SM[81] accumulated_cycles=15234134582
SM[82] accumulated_cycles=15885596217
SM[83] accumulated_cycles=13771421907
SM[84] accumulated_cycles=17125248605
SM[85] accumulated_cycles=14674341139
SM[86] accumulated_cycles=14507698498
SM[87] accumulated_cycles=13377762456
SM[88] accumulated_cycles=14570045802
SM[89] accumulated_cycles=13672326867
SM[90] accumulated_cycles=15996161802
SM[91] accumulated_cycles=14819030882
SM[92] accumulated_cycles=15399654722
SM[93] accumulated_cycles=15440218398
SM[94] accumulated_cycles=13292195123
SM[95] accumulated_cycles=13458121239
SM[96] accumulated_cycles=13526523189
SM[97] accumulated_cycles=13570766495
SM[98] accumulated_cycles=16204502740
SM[99] accumulated_cycles=15630390801
SM[100] accumulated_cycles=14773843429
SM[101] accumulated_cycles=13855807002
SM[102] accumulated_cycles=15126754598
SM[103] accumulated_cycles=14100224601
SM[104] accumulated_cycles=16823206106
SM[105] accumulated_cycles=15085706633
SM[106] accumulated_cycles=16229655423
SM[107] accumulated_cycles=15351969736
SM cycle stats: active=108 avg=15611397663.22 max/min=1.3536
check nan: cusp 4087.0 mykernel 4087.0
