Filename: /workspace/Sparsene-AD-repo/dataset/selected_mtx/mip1.mtx
N: 512
FLOAT: Sparse A[66463,66463] x B[66463,512] = C[66463,512]
1776925788
total_TCBlock_num = 124332, nnz = 10352819, nnz_pad=10396488
mykernel_time: 8.819570 ms
SM[0] accumulated_cycles=44865080682
SM[1] accumulated_cycles=32882878583
SM[2] accumulated_cycles=32852749234
SM[3] accumulated_cycles=32546369156
SM[4] accumulated_cycles=31304828525
SM[5] accumulated_cycles=32373013847
SM[6] accumulated_cycles=32643325705
SM[7] accumulated_cycles=32493691546
SM[8] accumulated_cycles=32819954251
SM[9] accumulated_cycles=32832932553
SM[10] accumulated_cycles=32813681763
SM[11] accumulated_cycles=32983330151
SM[12] accumulated_cycles=32317429375
SM[13] accumulated_cycles=32327368923
SM[14] accumulated_cycles=32616939847
SM[15] accumulated_cycles=32768277419
SM[16] accumulated_cycles=32364071820
SM[17] accumulated_cycles=32885410493
SM[18] accumulated_cycles=32349687627
SM[19] accumulated_cycles=32451342146
SM[20] accumulated_cycles=32975883253
SM[21] accumulated_cycles=32877878508
SM[22] accumulated_cycles=32910765313
SM[23] accumulated_cycles=32779426363
SM[24] accumulated_cycles=32877997896
SM[25] accumulated_cycles=32797548927
SM[26] accumulated_cycles=32600256744
SM[27] accumulated_cycles=32583182017
SM[28] accumulated_cycles=32706846902
SM[29] accumulated_cycles=32499998958
SM[30] accumulated_cycles=32739405027
SM[31] accumulated_cycles=32449515970
SM[32] accumulated_cycles=32694732861
SM[33] accumulated_cycles=32326326880
SM[34] accumulated_cycles=32779251389
SM[35] accumulated_cycles=32430638253
SM[36] accumulated_cycles=32845539133
SM[37] accumulated_cycles=32722434407
SM[38] accumulated_cycles=32967536198
SM[39] accumulated_cycles=32845607126
SM[40] accumulated_cycles=32551400615
SM[41] accumulated_cycles=32530742668
SM[42] accumulated_cycles=32985675220
SM[43] accumulated_cycles=32724214039
SM[44] accumulated_cycles=32727711453
SM[45] accumulated_cycles=32924140614
SM[46] accumulated_cycles=32718341054
SM[47] accumulated_cycles=32334751908
SM[48] accumulated_cycles=33035359251
SM[49] accumulated_cycles=32647648869
SM[50] accumulated_cycles=32976924339
SM[51] accumulated_cycles=32692852442
SM[52] accumulated_cycles=32978897544
SM[53] accumulated_cycles=32560864354
SM[54] accumulated_cycles=32826011590
SM[55] accumulated_cycles=32378587137
SM[56] accumulated_cycles=32802098415
SM[57] accumulated_cycles=32567167084
SM[58] accumulated_cycles=32838141953
SM[59] accumulated_cycles=32872032592
SM[60] accumulated_cycles=32554973236
SM[61] accumulated_cycles=32564860514
SM[62] accumulated_cycles=32738935597
SM[63] accumulated_cycles=32702491942
SM[64] accumulated_cycles=32798341801
SM[65] accumulated_cycles=32921094905
SM[66] accumulated_cycles=33081018607
SM[67] accumulated_cycles=32583596304
SM[68] accumulated_cycles=32660275406
SM[69] accumulated_cycles=32434006037
SM[70] accumulated_cycles=32878131755
SM[71] accumulated_cycles=32643608622
SM[72] accumulated_cycles=32954418914
SM[73] accumulated_cycles=32772140026
SM[74] accumulated_cycles=32702971937
SM[75] accumulated_cycles=32675236683
SM[76] accumulated_cycles=32863844145
SM[77] accumulated_cycles=32680508796
SM[78] accumulated_cycles=32746763374
SM[79] accumulated_cycles=32648133118
SM[80] accumulated_cycles=32758437444
SM[81] accumulated_cycles=32697419957
SM[82] accumulated_cycles=32674238807
SM[83] accumulated_cycles=32854283599
SM[84] accumulated_cycles=32841410801
SM[85] accumulated_cycles=32577759055
SM[86] accumulated_cycles=32798111206
SM[87] accumulated_cycles=32716593892
SM[88] accumulated_cycles=32430395821
SM[89] accumulated_cycles=32494756701
SM[90] accumulated_cycles=32970494249
SM[91] accumulated_cycles=32713707254
SM[92] accumulated_cycles=32977957429
SM[93] accumulated_cycles=32633522254
SM[94] accumulated_cycles=33262180738
SM[95] accumulated_cycles=32736557317
SM[96] accumulated_cycles=32450329621
SM[97] accumulated_cycles=32333825137
SM[98] accumulated_cycles=32806151670
SM[99] accumulated_cycles=32659628686
SM[100] accumulated_cycles=32516134490
SM[101] accumulated_cycles=32638128232
SM[102] accumulated_cycles=32415122407
SM[103] accumulated_cycles=32332046861
SM[104] accumulated_cycles=32896729893
SM[105] accumulated_cycles=32724301441
SM[106] accumulated_cycles=32740292389
SM[107] accumulated_cycles=32679375281
SM cycle stats: active=108 avg=32801036511.69 max/min=1.4332
check nan: cusp 599376.0 mykernel 599376.0
