Filename: /workspace/Sparsene-AD-repo/dataset/selected_mtx/mip1.mtx
N: 512
FLOAT: Sparse A[66463,66463] x B[66463,512] = C[66463,512]
1776925800
total_TCBlock_num = 124332, nnz = 10352819, nnz_pad=10396488
multi_binding sum = 124332
mykernel_time: 1.615085 ms
SM[0] accumulated_cycles=39019328361
SM[1] accumulated_cycles=38923062108
SM[2] accumulated_cycles=38578103671
SM[3] accumulated_cycles=38497846048
SM[4] accumulated_cycles=38506219040
SM[5] accumulated_cycles=38374156777
SM[6] accumulated_cycles=38949529867
SM[7] accumulated_cycles=38873043979
SM[8] accumulated_cycles=39074331274
SM[9] accumulated_cycles=39006621292
SM[10] accumulated_cycles=38773502629
SM[11] accumulated_cycles=38753361388
SM[12] accumulated_cycles=38291636016
SM[13] accumulated_cycles=38248879641
SM[14] accumulated_cycles=38949007312
SM[15] accumulated_cycles=38956135467
SM[16] accumulated_cycles=38571733439
SM[17] accumulated_cycles=38504965260
SM[18] accumulated_cycles=38475746230
SM[19] accumulated_cycles=38452422257
SM[20] accumulated_cycles=38940937707
SM[21] accumulated_cycles=38912717597
SM[22] accumulated_cycles=39018754000
SM[23] accumulated_cycles=39004685061
SM[24] accumulated_cycles=39023070875
SM[25] accumulated_cycles=39064424085
SM[26] accumulated_cycles=38496260947
SM[27] accumulated_cycles=38546193652
SM[28] accumulated_cycles=38934711488
SM[29] accumulated_cycles=38976543617
SM[30] accumulated_cycles=38483875345
SM[31] accumulated_cycles=38599293626
SM[32] accumulated_cycles=38369163002
SM[33] accumulated_cycles=38535101009
SM[34] accumulated_cycles=38782891653
SM[35] accumulated_cycles=39006027450
SM[36] accumulated_cycles=38793297541
SM[37] accumulated_cycles=39074483984
SM[38] accumulated_cycles=38786357118
SM[39] accumulated_cycles=39068079875
SM[40] accumulated_cycles=38326810347
SM[41] accumulated_cycles=38533155544
SM[42] accumulated_cycles=38740151869
SM[43] accumulated_cycles=38968211510
SM[44] accumulated_cycles=38378119698
SM[45] accumulated_cycles=38525837386
SM[46] accumulated_cycles=38260166825
SM[47] accumulated_cycles=38436253558
SM[48] accumulated_cycles=38732264121
SM[49] accumulated_cycles=38887058253
SM[50] accumulated_cycles=38833457489
SM[51] accumulated_cycles=38977641615
SM[52] accumulated_cycles=38835648624
SM[53] accumulated_cycles=39007781316
SM[54] accumulated_cycles=38365549213
SM[55] accumulated_cycles=38516694499
SM[56] accumulated_cycles=38753528538
SM[57] accumulated_cycles=38984239598
SM[58] accumulated_cycles=38370990787
SM[59] accumulated_cycles=38544408176
SM[60] accumulated_cycles=38296651765
SM[61] accumulated_cycles=38429468521
SM[62] accumulated_cycles=38741918390
SM[63] accumulated_cycles=38934537405
SM[64] accumulated_cycles=38852463683
SM[65] accumulated_cycles=38999194278
SM[66] accumulated_cycles=38603449158
SM[67] accumulated_cycles=38741093489
SM[68] accumulated_cycles=38130174203
SM[69] accumulated_cycles=38247413977
SM[70] accumulated_cycles=38768476403
SM[71] accumulated_cycles=38842609850
SM[72] accumulated_cycles=38391939965
SM[73] accumulated_cycles=38469105324
SM[74] accumulated_cycles=38302959324
SM[75] accumulated_cycles=38400559231
SM[76] accumulated_cycles=38762854449
SM[77] accumulated_cycles=38877907212
SM[78] accumulated_cycles=38874172967
SM[79] accumulated_cycles=38969775600
SM[80] accumulated_cycles=38926443312
SM[81] accumulated_cycles=39004377672
SM[82] accumulated_cycles=38437508171
SM[83] accumulated_cycles=38487413800
SM[84] accumulated_cycles=38876008829
SM[85] accumulated_cycles=38914862522
SM[86] accumulated_cycles=38444866995
SM[87] accumulated_cycles=38503503278
SM[88] accumulated_cycles=38366582910
SM[89] accumulated_cycles=38379035818
SM[90] accumulated_cycles=38821086055
SM[91] accumulated_cycles=38829195988
SM[92] accumulated_cycles=38930722177
SM[93] accumulated_cycles=38892911928
SM[94] accumulated_cycles=38760396198
SM[95] accumulated_cycles=38665985651
SM[96] accumulated_cycles=38317054304
SM[97] accumulated_cycles=38194383411
SM[98] accumulated_cycles=39019607198
SM[99] accumulated_cycles=38860499249
SM[100] accumulated_cycles=38597634786
SM[101] accumulated_cycles=38497122015
SM[102] accumulated_cycles=38484751648
SM[103] accumulated_cycles=38408626067
SM[104] accumulated_cycles=38906133319
SM[105] accumulated_cycles=38838446182
SM[106] accumulated_cycles=38976271472
SM[107] accumulated_cycles=38931597486
SM cycle stats: active=108 avg=38695224298.97 max/min=1.0248
check nan: cusp 599376.0 mykernel 599376.0
